These Windows services are started:

   Apple Mobile Device Service
   Application Information
   AVCTP service
   Background Intelligent Transfer Service
   Background Tasks Infrastructure Service
   Base Filtering Engine
   Bluetooth Support Service
   Bonjour Service
   Capability Access Manager Service
   CDROM_Eject_Smart_3Y907
   CNG Key Isolation
   COM+ Event System
   Computer Browser
   Connected Devices Platform Service
   Connected Devices Platform User Service_195b765
   Connected User Experiences and Telemetry
   Contact Data_195b765
   Corel License Validation Service V2, Powered by arvato
   CoreMessaging
   Credential Manager
   Cryptographic Services
   DapodikDB
   DapodikWebSrv
   Data Sharing Service
   Data Usage
   DCOM Server Process Launcher
   Device Association Service
   DHCP Client
   Diagnostic Policy Service
   Diagnostic Service Host
   Distributed Link Tracking Client
   DNS Client
   Gammu SMSD Service (GammuSMSD)
   Geolocation Service
   Human Interface Device Service
   Intel(R) HD Graphics Control Panel Service
   IP Helper
   IPsec Policy Agent
   Layanan iPod
   Local Session Manager
   Microsoft Account Sign-in Assistant
   Network Connection Broker
   Network Connections
   Network List Service
   Network Location Awareness
   Network Store Interface Service
   Office Software Protection Platform
   Payments and NFC/SE Manager
   Plug and Play
   PMPDB
   PMPWebSrv
   Power
   Print Spooler
   PrintWorkflow_195b765
   Program Compatibility Assistant Service
   Radio Management Service
   Remote Access Connection Manager
   Remote Procedure Call (RPC)
   RPC Endpoint Mapper
   Secure Socket Tunneling Protocol Service
   Security Accounts Manager
   Security Center
   Sensor Service
   Server
   Shell Hardware Detection
   SQL Server VSS Writer
   SSDP Discovery
   State Repository Service
   Storage Service
   Superfetch
   Sync Host_195b765
   System Event Notification Service
   System Events Broker
   System Guard Runtime Monitor Broker
   Task Scheduler
   TCP/IP NetBIOS Helper
   TeamViewer 13
   Telephony
   Themes
   Time Broker
   Touch Keyboard and Handwriting Panel Service
   UI Assistant Service
   Update Orchestrator Service
   User Data Access_195b765
   User Data Storage_195b765
   User Manager
   User Profile Service
   Web Account Manager
   Windows Audio
   Windows Audio Endpoint Builder
   Windows Connection Manager
   Windows Defender Antivirus Network Inspection Service
   Windows Defender Antivirus Service
   Windows Defender Firewall
   Windows Defender Security Centre Service
   Windows Event Log
   Windows Font Cache Service
   Windows Image Acquisition (WIA)
   Windows License Manager Service
   Windows Management Instrumentation
   Windows Push Notifications System Service
   Windows Push Notifications User Service_195b765
   Windows Search
   WinHTTP Web Proxy Auto-Discovery Service
   WLAN AutoConfig
   Workstation

The command completed successfully.

